0 info it worked if it ends with ok
1 verbose cli [ '/usr/local/bin/node', '/usr/local/bin/npm', 'publish' ]
2 info using npm@3.9.3
3 info using node@v6.2.1
4 verbose publish [ '.' ]
5 silly cache add args [ '.', null ]
6 verbose cache add spec .
7 silly cache add parsed spec Result {
7 silly cache add   raw: '.',
7 silly cache add   scope: null,
7 silly cache add   name: null,
7 silly cache add   rawSpec: '.',
7 silly cache add   spec: '/Users/annikahagelin/compSci/tai',
7 silly cache add   type: 'directory' }
8 verbose addLocalDirectory /Users/annikahagelin/.npm/tai/1.0.1/package.tgz not in flight; packing
9 verbose correctMkdir /Users/annikahagelin/.npm correctMkdir not in flight; initializing
10 info lifecycle tai@1.0.1~prepublish: tai@1.0.1
11 silly lifecycle tai@1.0.1~prepublish: no script for prepublish, continuing
12 verbose tar pack [ '/Users/annikahagelin/.npm/tai/1.0.1/package.tgz',
12 verbose tar pack   '/Users/annikahagelin/compSci/tai' ]
13 verbose tarball /Users/annikahagelin/.npm/tai/1.0.1/package.tgz
14 verbose folder /Users/annikahagelin/compSci/tai
15 verbose addLocalTarball adding from inside cache /Users/annikahagelin/.npm/tai/1.0.1/package.tgz
16 verbose correctMkdir /Users/annikahagelin/.npm correctMkdir not in flight; initializing
17 silly cache afterAdd tai@1.0.1
18 verbose afterAdd /Users/annikahagelin/.npm/tai/1.0.1/package/package.json not in flight; writing
19 verbose correctMkdir /Users/annikahagelin/.npm correctMkdir not in flight; initializing
20 verbose afterAdd /Users/annikahagelin/.npm/tai/1.0.1/package/package.json written
21 silly publish { name: 'tai',
21 silly publish   version: '1.0.1',
21 silly publish   description: 'a tool for managing student assignment repos',
21 silly publish   main: 'index.js',
21 silly publish   scripts: { start: 'node index.js' },
21 silly publish   repository:
21 silly publish    { type: 'git',
21 silly publish      url: 'git+https://github.com/codefellows-portland-javascript-401d2/tai.git' },
21 silly publish   bin: { tai: './bin/tai' },
21 silly publish   author:
21 silly publish    { name: 'Marty Nelson',
21 silly publish      email: 'marty@martypdx.com',
21 silly publish      url: '@martypdx' },
21 silly publish   contributors:
21 silly publish    [ { name: 'Annika Hagelin',
21 silly publish        email: 'hagelin.annika@gmail.com',
21 silly publish        url: 'http://ankihg.herokuapp.com/' } ],
21 silly publish   license: 'ISC',
21 silly publish   bugs: { url: 'https://github.com/codefellows-portland-javascript-401d2/tai/issues' },
21 silly publish   homepage: 'https://github.com/codefellows-portland-javascript-401d2/tai#readme',
21 silly publish   dependencies:
21 silly publish    { chalk: '^1.1.3',
21 silly publish      'github-api': '^1.2.1',
21 silly publish      nodegit: '^0.13.1',
21 silly publish      request: '^2.72.0',
21 silly publish      sander: '^0.5.1',
21 silly publish      'sync-exec': '^0.6.2' },
21 silly publish   readme: '# ![CF](http://i.imgur.com/7v5ASc8.png) tai\na tool for managing student assignment repos\n\n## demo\n### setup\nto configure tai\n```\ntai config [github_organization] [github_token]\n```\n\n### run\nto create unique branch for each team and set up travis\n```\ntai setup [repo_name]\n```\n\nto merge team branches into unique folders in master\n```\ntai close [repo_name]\n```\n',
21 silly publish   readmeFilename: 'README.md',
21 silly publish   gitHead: 'd747011a55d1487d4f1dd458438184a7dcc79de1',
21 silly publish   _id: 'tai@1.0.1',
21 silly publish   _shasum: '5f08558e339b5a751673a04dc18f2a051f75e48a',
21 silly publish   _from: '.' }
22 verbose getPublishConfig undefined
23 silly mapToRegistry name tai
24 silly mapToRegistry using default registry
25 silly mapToRegistry registry https://registry.npmjs.org/
26 silly mapToRegistry data Result {
26 silly mapToRegistry   raw: 'tai',
26 silly mapToRegistry   scope: null,
26 silly mapToRegistry   name: 'tai',
26 silly mapToRegistry   rawSpec: '',
26 silly mapToRegistry   spec: 'latest',
26 silly mapToRegistry   type: 'tag' }
27 silly mapToRegistry uri https://registry.npmjs.org/tai
28 verbose publish registryBase https://registry.npmjs.org/
29 silly publish uploading /Users/annikahagelin/.npm/tai/1.0.1/package.tgz
30 verbose request uri https://registry.npmjs.org/tai
31 verbose request sending authorization for write operation
32 info attempt registry request try #1 at 9:37:08 AM
33 verbose request using bearer token for auth
34 verbose request id 4094e4d61e54d425
35 http request PUT https://registry.npmjs.org/tai
36 http 403 https://registry.npmjs.org/tai
37 verbose headers { 'content-type': 'application/json',
37 verbose headers   'cache-control': 'max-age=300',
37 verbose headers   'content-length': '95',
37 verbose headers   'accept-ranges': 'bytes',
37 verbose headers   date: 'Fri, 10 Jun 2016 16:37:08 GMT',
37 verbose headers   via: '1.1 varnish',
37 verbose headers   connection: 'keep-alive',
37 verbose headers   'x-served-by': 'cache-lax1429-LAX',
37 verbose headers   'x-cache': 'MISS',
37 verbose headers   'x-cache-hits': '0',
37 verbose headers   'x-timer': 'S1465576628.560076,VS0,VE198',
37 verbose headers   vary: 'Accept-Encoding' }
38 verbose request invalidating /Users/annikahagelin/.npm/registry.npmjs.org/tai on PUT
39 error publish Failed PUT 403
40 verbose stack Error: "You cannot publish over the previously published version 1.0.1." : tai
40 verbose stack     at makeError (/usr/local/lib/node_modules/npm/node_modules/npm-registry-client/lib/request.js:264:12)
40 verbose stack     at CachingRegistryClient.<anonymous> (/usr/local/lib/node_modules/npm/node_modules/npm-registry-client/lib/request.js:252:14)
40 verbose stack     at Request._callback (/usr/local/lib/node_modules/npm/node_modules/npm-registry-client/lib/request.js:172:14)
40 verbose stack     at Request.self.callback (/usr/local/lib/node_modules/npm/node_modules/request/request.js:200:22)
40 verbose stack     at emitTwo (events.js:106:13)
40 verbose stack     at Request.emit (events.js:191:7)
40 verbose stack     at Request.<anonymous> (/usr/local/lib/node_modules/npm/node_modules/request/request.js:1067:10)
40 verbose stack     at emitOne (events.js:101:20)
40 verbose stack     at Request.emit (events.js:188:7)
40 verbose stack     at IncomingMessage.<anonymous> (/usr/local/lib/node_modules/npm/node_modules/request/request.js:988:12)
41 verbose statusCode 403
42 verbose pkgid tai
43 verbose cwd /Users/annikahagelin/compSci/tai
44 error Darwin 14.3.0
45 error argv "/usr/local/bin/node" "/usr/local/bin/npm" "publish"
46 error node v6.2.1
47 error npm  v3.9.3
48 error code E403
49 error "You cannot publish over the previously published version 1.0.1." : tai
50 error If you need help, you may report this error at:
50 error     <https://github.com/npm/npm/issues>
51 verbose exit [ 1, true ]
